<?xml version="1.0" encoding="UTF-8"?>
<!-- Generated by org.testng.reporters.JUnitXMLReporter -->
<testsuite hostname="Sanjidas-MacBook-Pro.local" name="Firefox test" tests="1" failures="0" timestamp="19 Nov 2018 02:24:07 GMT" time="0.011" errors="0">
  <testcase name="@BeforeTest beforetestingstart" time="0.0" classname="tests.Fb_Login_test1">
    <failure type="java.lang.IllegalStateException" message="The driver executable does not exist: /Users/SanjidaAfrin/Documents/Facebook/Drivers/geckodriver">
      <![CDATA[java.lang.IllegalStateException: The driver executable does not exist: /Users/SanjidaAfrin/Documents/Facebook/Drivers/geckodriver
	at com.google.common.base.Preconditions.checkState(Preconditions.java:534)
	at org.openqa.selenium.remote.service.DriverService.checkExecutable(DriverService.java:137)
	at org.openqa.selenium.remote.service.DriverService.findExecutable(DriverService.java:132)
	at org.openqa.selenium.firefox.GeckoDriverService.access$100(GeckoDriverService.java:43)
	at org.openqa.selenium.firefox.GeckoDriverService$Builder.findDefaultExecutable(GeckoDriverService.java:168)
	at org.openqa.selenium.remote.service.DriverService$Builder.build(DriverService.java:346)
	at org.openqa.selenium.firefox.FirefoxDriver.toExecutor(FirefoxDriver.java:168)
	at org.openqa.selenium.firefox.FirefoxDriver.<init>(FirefoxDriver.java:125)
	at org.openqa.selenium.firefox.FirefoxDriver.<init>(FirefoxDriver.java:103)
	at base.Config.beforetestingstart(Config.java:21)
... Removed 21 stack frames]]>
    </failure>
  </testcase> <!-- @BeforeTest beforetestingstart -->
  <testcase name="@AfterTest close1" time="0.0" classname="tests.Fb_Login_test1">
    <skipped/>
  </testcase> <!-- @AfterTest close1 -->
  <testcase name="fblogintest" time="0.001" classname="tests.Fb_Login_test1">
    <skipped/>
  </testcase> <!-- fblogintest -->
</testsuite> <!-- Firefox test -->
