<?xml version="1.0" encoding="UTF-8"?>
<!-- Generated by org.testng.reporters.JUnitXMLReporter -->
<testsuite hostname="Sanjidas-MacBook-Pro.local" ignored="0" name="Default test" tests="4" failures="0" timestamp="11 Nov 2018 07:57:37 GMT" time="0.111" errors="0">
  <testcase name="assertRightThere" time="0.03" classname="tests.SoftAssert"/>
  <testcase name="softassert" time="0.002" classname="tests.SoftAssert"/>
  <testcase name="tosee" time="0.001" classname="tests.SoftAssert"/>
  <testcase name="tryCatchTesting" time="0.004" classname="tests.SoftAssert"/>
</testsuite> <!-- Default test -->
