<?xml version="1.0" encoding="UTF-8"?>
<!-- Generated by org.testng.reporters.JUnitXMLReporter -->
<testsuite hostname="Sanjidas-MacBook-Pro.local" ignored="3" name="Test2" tests="3" failures="0" timestamp="12 Nov 2018 07:34:50 GMT" time="0.018" errors="0">
  <testcase name="test" time="0.001" classname="test_groupDependsOn.GroupDependsOn"/>
  <testcase name="test1" time="0.002" classname="tests.GroupONConcep"/>
  <testcase name="test2" time="0.004" classname="tests.GroupONConcep"/>
  <testcase name="test1" time="0.0" classname="test_groupDependsOn.GroupDependsOn">
    <ignored/>
  </testcase> <!-- test1 -->
  <testcase name="test2" time="0.0" classname="test_groupDependsOn.GroupDependsOn">
    <ignored/>
  </testcase> <!-- test2 -->
  <testcase name="test3" time="0.0" classname="test_groupDependsOn.GroupDependsOn">
    <ignored/>
  </testcase> <!-- test3 -->
</testsuite> <!-- Test2 -->
