<?xml version="1.0" encoding="UTF-8"?>
<!-- Generated by org.testng.reporters.JUnitXMLReporter -->
<testsuite hostname="Sanjidas-MacBook-Pro.local" ignored="4" name="Test1" tests="2" failures="0" timestamp="12 Nov 2018 07:34:50 GMT" time="0.078" errors="0">
  <testcase name="test3" time="0.035" classname="test_groupDependsOn.GroupDependsOn"/>
  <testcase name="test2" time="0.004" classname="tests.GroupONConcep"/>
  <testcase name="test1" time="0.0" classname="test_groupDependsOn.GroupDependsOn">
    <ignored/>
  </testcase> <!-- test1 -->
  <testcase name="test1" time="0.0" classname="tests.GroupONConcep">
    <ignored/>
  </testcase> <!-- test1 -->
  <testcase name="test2" time="0.0" classname="test_groupDependsOn.GroupDependsOn">
    <ignored/>
  </testcase> <!-- test2 -->
  <testcase name="test" time="0.0" classname="test_groupDependsOn.GroupDependsOn">
    <ignored/>
  </testcase> <!-- test -->
</testsuite> <!-- Test1 -->
