<?xml version="1.0" encoding="UTF-8"?>
<testng-results skipped="0" failed="0" ignored="0" total="4" passed="4">
  <reporter-output>
  </reporter-output>
  <suite name="Default suite" duration-ms="111" started-at="2018-11-11T07:57:36Z" finished-at="2018-11-11T07:57:37Z">
    <groups>
    </groups>
    <test name="Default test" duration-ms="111" started-at="2018-11-11T07:57:36Z" finished-at="2018-11-11T07:57:37Z">
      <class name="tests.SoftAssert">
        <test-method status="PASS" signature="assertRightThere()[pri:0, instance:tests.SoftAssert@3a82f6ef]" name="assertRightThere" duration-ms="30" started-at="2018-11-11T02:57:37Z" finished-at="2018-11-11T02:57:37Z">
          <reporter-output>
          </reporter-output>
        </test-method> <!-- assertRightThere -->
        <test-method status="PASS" signature="softassert()[pri:0, instance:tests.SoftAssert@3a82f6ef]" name="softassert" duration-ms="2" started-at="2018-11-11T02:57:37Z" finished-at="2018-11-11T02:57:37Z">
          <reporter-output>
          </reporter-output>
        </test-method> <!-- softassert -->
        <test-method status="PASS" signature="tosee()[pri:0, instance:tests.SoftAssert@3a82f6ef]" name="tosee" duration-ms="1" started-at="2018-11-11T02:57:37Z" finished-at="2018-11-11T02:57:37Z">
          <reporter-output>
          </reporter-output>
        </test-method> <!-- tosee -->
        <test-method status="PASS" signature="tryCatchTesting()[pri:0, instance:tests.SoftAssert@3a82f6ef]" name="tryCatchTesting" duration-ms="4" started-at="2018-11-11T02:57:37Z" finished-at="2018-11-11T02:57:37Z">
          <reporter-output>
          </reporter-output>
        </test-method> <!-- tryCatchTesting -->
      </class> <!-- tests.SoftAssert -->
    </test> <!-- Default test -->
  </suite> <!-- Default suite -->
</testng-results>
